<?xml version="1.0" encoding="UTF-8"?>
<testsuite xmlns:xsi="http://www.w3.org/2001/XMLSchema-instance" xsi:noNamespaceSchemaLocation="https://maven.apache.org/surefire/maven-surefire-plugin/xsd/surefire-test-report-3.0.xsd" version="3.0" name="com.dummy.myerp.model.bean.comptabilite.JournalComptableTest" time="0.002" tests="2" errors="0" skipped="0" failures="0">
  <properties>
[...]
</properties>
  <testcase name="getByCode_giveAnExistingCompteNumber_returnTheAssociatedCompteComptable" classname="com.dummy.myerp.model.bean.comptabilite.JournalComptableTest" time="0.001"/>
  <testcase name="getByCode_giveANonExistingCompteNumber_returnNull" classname="com.dummy.myerp.model.bean.comptabilite.JournalComptableTest" time="0"/>
</testsuite>